2024-03-15 13:45:51,698 INFO [background-preinit] org.hibernate.validator.internal.util.Version: HV000001: Hibernate Validator 8.0.1.Final
2024-03-15 13:45:51,774 INFO [main] org.springframework.boot.StartupInfoLogger: Starting BankServiceApplication using Java 20.0.1 with PID 11480 (C:\Users\kishk\Desktop\Java\bank-service\target\classes started by kishk in C:\Users\kishk\Desktop\Java\bank-service)
2024-03-15 13:45:51,775 DEBUG [main] org.springframework.boot.StartupInfoLogger: Running with Spring Boot v3.2.3, Spring v6.1.4
2024-03-15 13:45:51,776 INFO [main] org.springframework.boot.SpringApplication: No active profile set, falling back to 1 default profile: "default"
2024-03-15 13:45:51,860 INFO [main] org.springframework.boot.docker.compose.lifecycle.DockerComposeLifecycleManager: Using Docker Compose file 'C:\Users\kishk\Desktop\Java\bank-service\docker-compose.yaml'
2024-03-15 13:58:26,045 INFO [background-preinit] org.hibernate.validator.internal.util.Version: HV000001: Hibernate Validator 8.0.1.Final
2024-03-15 13:58:26,118 INFO [main] org.springframework.boot.StartupInfoLogger: Starting BankServiceApplication using Java 20.0.1 with PID 18928 (C:\Users\kishk\Desktop\Java\bank-service\target\classes started by kishk in C:\Users\kishk\Desktop\Java\bank-service)
2024-03-15 13:58:26,118 DEBUG [main] org.springframework.boot.StartupInfoLogger: Running with Spring Boot v3.2.3, Spring v6.1.4
2024-03-15 13:58:26,119 INFO [main] org.springframework.boot.SpringApplication: No active profile set, falling back to 1 default profile: "default"
2024-03-15 13:58:26,205 INFO [main] org.springframework.boot.docker.compose.lifecycle.DockerComposeLifecycleManager: Using Docker Compose file 'C:\Users\kishk\Desktop\Java\bank-service\docker-compose.yaml'
2024-03-15 13:58:35,726 INFO [main] org.springframework.boot.docker.compose.lifecycle.DockerComposeLifecycleManager: There are already Docker Compose services running, skipping startup
2024-03-15 13:58:36,845 INFO [main] org.springframework.data.repository.config.RepositoryConfigurationDelegate: Multiple Spring Data modules found, entering strict repository configuration mode
2024-03-15 13:58:36,847 INFO [main] org.springframework.data.repository.config.RepositoryConfigurationDelegate: Bootstrapping Spring Data JPA repositories in DEFAULT mode.
2024-03-15 13:58:37,076 INFO [main] org.springframework.data.repository.config.RepositoryConfigurationDelegate: Finished Spring Data repository scanning in 218 ms. Found 2 JPA repository interfaces.
2024-03-15 13:58:37,098 INFO [main] org.springframework.data.repository.config.RepositoryConfigurationDelegate: Multiple Spring Data modules found, entering strict repository configuration mode
2024-03-15 13:58:37,100 INFO [main] org.springframework.data.repository.config.RepositoryConfigurationDelegate: Bootstrapping Spring Data Redis repositories in DEFAULT mode.
2024-03-15 13:58:37,124 INFO [main] org.springframework.data.repository.config.RepositoryConfigurationExtensionSupport: Spring Data Redis - Could not safely identify store assignment for repository candidate interface ru.kishko.bankservice.account.repositories.AccountRepository; If you want this repository to be a Redis repository, consider annotating your entities with one of these annotations: org.springframework.data.redis.core.RedisHash (preferred), or consider extending one of the following types with your repository: org.springframework.data.keyvalue.repository.KeyValueRepository
2024-03-15 13:58:37,124 INFO [main] org.springframework.data.repository.config.RepositoryConfigurationExtensionSupport: Spring Data Redis - Could not safely identify store assignment for repository candidate interface ru.kishko.bankservice.user.repositories.UserRepository; If you want this repository to be a Redis repository, consider annotating your entities with one of these annotations: org.springframework.data.redis.core.RedisHash (preferred), or consider extending one of the following types with your repository: org.springframework.data.keyvalue.repository.KeyValueRepository
2024-03-15 13:58:37,124 INFO [main] org.springframework.data.repository.config.RepositoryConfigurationDelegate: Finished Spring Data repository scanning in 12 ms. Found 0 Redis repository interfaces.
2024-03-15 13:58:37,920 INFO [main] org.springframework.boot.web.embedded.tomcat.TomcatWebServer: Tomcat initialized with port 8080 (http)
2024-03-15 13:58:37,934 INFO [main] org.apache.juli.logging.DirectJDKLog: Initializing ProtocolHandler ["http-nio-8080"]
2024-03-15 13:58:37,936 INFO [main] org.apache.juli.logging.DirectJDKLog: Starting service [Tomcat]
2024-03-15 13:58:37,936 INFO [main] org.apache.juli.logging.DirectJDKLog: Starting Servlet engine: [Apache Tomcat/10.1.19]
2024-03-15 13:58:38,039 INFO [main] org.apache.juli.logging.DirectJDKLog: Initializing Spring embedded WebApplicationContext
2024-03-15 13:58:38,039 INFO [main] org.springframework.boot.web.servlet.context.ServletWebServerApplicationContext: Root WebApplicationContext: initialization completed in 2094 ms
2024-03-15 13:58:38,530 INFO [main] com.zaxxer.hikari.HikariDataSource: HikariPool-1 - Starting...
2024-03-15 13:58:38,764 INFO [main] com.zaxxer.hikari.pool.HikariPool: HikariPool-1 - Added connection org.postgresql.jdbc.PgConnection@35329a05
2024-03-15 13:58:38,767 INFO [main] com.zaxxer.hikari.HikariDataSource: HikariPool-1 - Start completed.
2024-03-15 13:58:38,968 INFO [main] liquibase.logging.core.JavaLogger: Set default schema name to public
2024-03-15 13:58:39,138 INFO [main] liquibase.logging.core.JavaLogger: Reading resource: liquibase/changesets/V1__init.sql
2024-03-15 13:58:39,150 INFO [main] liquibase.logging.core.JavaLogger: Reading resource: liquibase/changesets/V2__insert_data.sql
2024-03-15 13:58:39,261 INFO [main] liquibase.logging.core.JavaLogger: Reading from public.databasechangelog
2024-03-15 13:58:39,299 INFO [main] liquibase.logging.core.JavaLogger: Reading from public.databasechangelog
2024-03-15 13:58:39,331 INFO [main] liquibase.logging.core.JavaLogger: UPDATE SUMMARY
2024-03-15 13:58:39,332 INFO [main] liquibase.logging.core.JavaLogger: Run:                          0
2024-03-15 13:58:39,332 INFO [main] liquibase.logging.core.JavaLogger: Previously run:               2
2024-03-15 13:58:39,332 INFO [main] liquibase.logging.core.JavaLogger: Filtered out:                 0
2024-03-15 13:58:39,333 INFO [main] liquibase.logging.core.JavaLogger: -------------------------------
2024-03-15 13:58:39,333 INFO [main] liquibase.logging.core.JavaLogger: Total change sets:            2
2024-03-15 13:58:39,333 INFO [main] liquibase.logging.core.JavaLogger: Update summary generated
2024-03-15 13:58:39,391 INFO [main] liquibase.logging.core.JavaLogger: Successfully released change log lock
2024-03-15 13:58:39,392 INFO [main] liquibase.logging.core.JavaLogger: Command execution complete
2024-03-15 13:58:39,509 INFO [main] org.hibernate.jpa.internal.util.LogHelper: HHH000204: Processing PersistenceUnitInfo [name: default]
2024-03-15 13:58:39,605 INFO [main] org.hibernate.Version: HHH000412: Hibernate ORM core version 6.4.4.Final
2024-03-15 13:58:39,659 INFO [main] org.hibernate.cache.internal.RegionFactoryInitiator: HHH000026: Second-level cache disabled
2024-03-15 13:58:40,023 INFO [main] org.springframework.orm.jpa.persistenceunit.SpringPersistenceUnitInfo: No LoadTimeWeaver setup: ignoring JPA class transformer
2024-03-15 13:58:41,478 INFO [main] org.hibernate.engine.transaction.jta.platform.internal.JtaPlatformInitiator: HHH000489: No JTA platform available (set 'hibernate.transaction.jta.platform' to enable JTA platform integration)
2024-03-15 13:58:41,576 INFO [main] org.springframework.orm.jpa.AbstractEntityManagerFactoryBean: Initialized JPA EntityManagerFactory for persistence unit 'default'
2024-03-15 13:58:42,199 WARN [main] org.springframework.boot.autoconfigure.orm.jpa.JpaBaseConfiguration$JpaWebConfiguration: spring.jpa.open-in-view is enabled by default. Therefore, database queries may be performed during view rendering. Explicitly configure spring.jpa.open-in-view to disable this warning
2024-03-15 13:58:42,942 INFO [main] org.apache.juli.logging.DirectJDKLog: Starting ProtocolHandler ["http-nio-8080"]
2024-03-15 13:58:42,966 INFO [main] org.springframework.boot.web.embedded.tomcat.TomcatWebServer: Tomcat started on port 8080 (http) with context path ''
2024-03-15 13:58:42,981 INFO [main] org.springframework.boot.StartupInfoLogger: Started BankServiceApplication in 17.434 seconds (process running for 18.689)
2024-03-15 13:58:53,982 INFO [http-nio-8080-exec-2] org.apache.juli.logging.DirectJDKLog: Initializing Spring DispatcherServlet 'dispatcherServlet'
2024-03-15 13:58:53,982 INFO [http-nio-8080-exec-2] org.springframework.web.servlet.FrameworkServlet: Initializing Servlet 'dispatcherServlet'
2024-03-15 13:58:53,984 INFO [http-nio-8080-exec-2] org.springframework.web.servlet.FrameworkServlet: Completed initialization in 1 ms
2024-03-15 13:58:54,020 INFO [http-nio-8080-exec-2] ru.kishko.bankservice.user.controllers.UserController: Getting all users
2024-03-15 13:59:06,538 INFO [http-nio-8080-exec-3] ru.kishko.bankservice.user.controllers.UserController: Getting user by userId: 1
2024-03-15 13:59:44,881 INFO [http-nio-8080-exec-4] ru.kishko.bankservice.user.controllers.UserController: Transferring 1200 from user with id 1 to user with id: 2
2024-03-15 13:59:53,172 INFO [http-nio-8080-exec-5] ru.kishko.bankservice.user.controllers.UserController: Getting user by userId: 1
2024-03-15 13:59:56,527 INFO [http-nio-8080-exec-6] ru.kishko.bankservice.user.controllers.UserController: Getting all users
2024-03-15 14:00:00,979 INFO [SpringApplicationShutdownHook] org.springframework.orm.jpa.AbstractEntityManagerFactoryBean: Closing JPA EntityManagerFactory for persistence unit 'default'
2024-03-15 14:00:00,981 INFO [SpringApplicationShutdownHook] com.zaxxer.hikari.HikariDataSource: HikariPool-1 - Shutdown initiated...
2024-03-15 14:00:00,984 INFO [SpringApplicationShutdownHook] com.zaxxer.hikari.HikariDataSource: HikariPool-1 - Shutdown completed.
2024-03-15 22:43:09,891 INFO [background-preinit] org.hibernate.validator.internal.util.Version: HV000001: Hibernate Validator 8.0.1.Final
2024-03-15 22:43:09,990 INFO [main] org.springframework.boot.StartupInfoLogger: Starting BankServiceApplication using Java 20.0.1 with PID 2004 (C:\Users\kishk\Desktop\Java\bank-service\target\classes started by kishk in C:\Users\kishk\Desktop\Java\bank-service)
2024-03-15 22:43:09,991 DEBUG [main] org.springframework.boot.StartupInfoLogger: Running with Spring Boot v3.2.3, Spring v6.1.4
2024-03-15 22:43:09,991 INFO [main] org.springframework.boot.SpringApplication: No active profile set, falling back to 1 default profile: "default"
2024-03-15 22:43:10,089 INFO [main] org.springframework.boot.docker.compose.lifecycle.DockerComposeLifecycleManager: Using Docker Compose file 'C:\Users\kishk\Desktop\Java\bank-service\docker-compose.yaml'
2024-03-15 22:43:12,168 ERROR [main] org.springframework.boot.SpringApplication: Application run failed
org.springframework.boot.docker.compose.core.DockerNotRunningException: Docker is not running
	at org.springframework.boot.docker.compose.core.DockerCli$DockerCommands.getDockerCommand(DockerCli.java:146)
	at org.springframework.boot.docker.compose.core.DockerCli$DockerCommands.<init>(DockerCli.java:129)
	at org.springframework.boot.docker.compose.core.DockerCli.lambda$new$0(DockerCli.java:65)
	at java.base/java.util.HashMap.computeIfAbsent(HashMap.java:1228)
	at org.springframework.boot.docker.compose.core.DockerCli.<init>(DockerCli.java:64)
	at org.springframework.boot.docker.compose.core.DockerCompose.get(DockerCompose.java:92)
	at org.springframework.boot.docker.compose.lifecycle.DockerComposeLifecycleManager.getDockerCompose(DockerComposeLifecycleManager.java:154)
	at org.springframework.boot.docker.compose.lifecycle.DockerComposeLifecycleManager.start(DockerComposeLifecycleManager.java:110)
	at org.springframework.boot.docker.compose.lifecycle.DockerComposeListener.onApplicationEvent(DockerComposeListener.java:53)
	at org.springframework.boot.docker.compose.lifecycle.DockerComposeListener.onApplicationEvent(DockerComposeListener.java:35)
	at org.springframework.context.event.SimpleApplicationEventMulticaster.doInvokeListener(SimpleApplicationEventMulticaster.java:185)
	at org.springframework.context.event.SimpleApplicationEventMulticaster.invokeListener(SimpleApplicationEventMulticaster.java:178)
	at org.springframework.context.event.SimpleApplicationEventMulticaster.multicastEvent(SimpleApplicationEventMulticaster.java:156)
	at org.springframework.context.event.SimpleApplicationEventMulticaster.multicastEvent(SimpleApplicationEventMulticaster.java:138)
	at org.springframework.boot.context.event.EventPublishingRunListener.multicastInitialEvent(EventPublishingRunListener.java:136)
	at org.springframework.boot.context.event.EventPublishingRunListener.contextLoaded(EventPublishingRunListener.java:98)
	at org.springframework.boot.SpringApplicationRunListeners.lambda$contextLoaded$4(SpringApplicationRunListeners.java:72)
	at java.base/java.lang.Iterable.forEach(Iterable.java:75)
	at org.springframework.boot.SpringApplicationRunListeners.doWithListeners(SpringApplicationRunListeners.java:118)
	at org.springframework.boot.SpringApplicationRunListeners.doWithListeners(SpringApplicationRunListeners.java:112)
	at org.springframework.boot.SpringApplicationRunListeners.contextLoaded(SpringApplicationRunListeners.java:72)
	at org.springframework.boot.SpringApplication.prepareContext(SpringApplication.java:432)
	at org.springframework.boot.SpringApplication.run(SpringApplication.java:333)
	at org.springframework.boot.SpringApplication.run(SpringApplication.java:1354)
	at org.springframework.boot.SpringApplication.run(SpringApplication.java:1343)
	at ru.kishko.bankservice.BankServiceApplication.main(BankServiceApplication.java:14)
Caused by: org.springframework.boot.docker.compose.core.ProcessExitException: 'docker version --format {{.Client.Version}}' failed with exit code 1.

Stdout:
24.0.2


Stderr:
error during connect: this error may indicate that the docker daemon is not running: Get "http://%2F%2F.%2Fpipe%2Fdocker_engine/v1.24/version": open //./pipe/docker_engine: The system cannot find the file specified.

	at org.springframework.boot.docker.compose.core.ProcessRunner.run(ProcessRunner.java:96)
	at org.springframework.boot.docker.compose.core.ProcessRunner.run(ProcessRunner.java:74)
	at org.springframework.boot.docker.compose.core.DockerCli$DockerCommands.getDockerCommand(DockerCli.java:135)
	... 25 common frames omitted
2024-03-15 22:49:15,696 INFO [background-preinit] org.hibernate.validator.internal.util.Version: HV000001: Hibernate Validator 8.0.1.Final
2024-03-15 22:49:15,769 INFO [main] org.springframework.boot.StartupInfoLogger: Starting BankServiceApplication using Java 20.0.1 with PID 2044 (C:\Users\kishk\Desktop\Java\bank-service\target\classes started by kishk in C:\Users\kishk\Desktop\Java\bank-service)
2024-03-15 22:49:15,770 DEBUG [main] org.springframework.boot.StartupInfoLogger: Running with Spring Boot v3.2.3, Spring v6.1.4
2024-03-15 22:49:15,771 INFO [main] org.springframework.boot.SpringApplication: No active profile set, falling back to 1 default profile: "default"
2024-03-15 22:49:15,857 INFO [main] org.springframework.boot.docker.compose.lifecycle.DockerComposeLifecycleManager: Using Docker Compose file 'C:\Users\kishk\Desktop\Java\bank-service\docker-compose.yaml'
2024-03-15 22:49:26,785 INFO [main] org.springframework.boot.docker.compose.lifecycle.DockerComposeLifecycleManager: There are already Docker Compose services running, skipping startup
2024-03-15 22:49:28,748 INFO [main] org.springframework.data.repository.config.RepositoryConfigurationDelegate: Multiple Spring Data modules found, entering strict repository configuration mode
2024-03-15 22:49:28,753 INFO [main] org.springframework.data.repository.config.RepositoryConfigurationDelegate: Bootstrapping Spring Data JPA repositories in DEFAULT mode.
2024-03-15 22:49:29,079 INFO [main] org.springframework.data.repository.config.RepositoryConfigurationDelegate: Finished Spring Data repository scanning in 312 ms. Found 2 JPA repository interfaces.
2024-03-15 22:49:29,112 INFO [main] org.springframework.data.repository.config.RepositoryConfigurationDelegate: Multiple Spring Data modules found, entering strict repository configuration mode
2024-03-15 22:49:29,115 INFO [main] org.springframework.data.repository.config.RepositoryConfigurationDelegate: Bootstrapping Spring Data Redis repositories in DEFAULT mode.
2024-03-15 22:49:29,144 INFO [main] org.springframework.data.repository.config.RepositoryConfigurationExtensionSupport: Spring Data Redis - Could not safely identify store assignment for repository candidate interface ru.kishko.bankservice.account.repositories.AccountRepository; If you want this repository to be a Redis repository, consider annotating your entities with one of these annotations: org.springframework.data.redis.core.RedisHash (preferred), or consider extending one of the following types with your repository: org.springframework.data.keyvalue.repository.KeyValueRepository
2024-03-15 22:49:29,145 INFO [main] org.springframework.data.repository.config.RepositoryConfigurationExtensionSupport: Spring Data Redis - Could not safely identify store assignment for repository candidate interface ru.kishko.bankservice.user.repositories.UserRepository; If you want this repository to be a Redis repository, consider annotating your entities with one of these annotations: org.springframework.data.redis.core.RedisHash (preferred), or consider extending one of the following types with your repository: org.springframework.data.keyvalue.repository.KeyValueRepository
2024-03-15 22:49:29,145 INFO [main] org.springframework.data.repository.config.RepositoryConfigurationDelegate: Finished Spring Data repository scanning in 13 ms. Found 0 Redis repository interfaces.
2024-03-15 22:49:30,221 INFO [main] org.springframework.boot.web.embedded.tomcat.TomcatWebServer: Tomcat initialized with port 8080 (http)
2024-03-15 22:49:30,239 INFO [main] org.apache.juli.logging.DirectJDKLog: Initializing ProtocolHandler ["http-nio-8080"]
2024-03-15 22:49:30,242 INFO [main] org.apache.juli.logging.DirectJDKLog: Starting service [Tomcat]
2024-03-15 22:49:30,243 INFO [main] org.apache.juli.logging.DirectJDKLog: Starting Servlet engine: [Apache Tomcat/10.1.19]
2024-03-15 22:49:30,390 INFO [main] org.apache.juli.logging.DirectJDKLog: Initializing Spring embedded WebApplicationContext
2024-03-15 22:49:30,392 INFO [main] org.springframework.boot.web.servlet.context.ServletWebServerApplicationContext: Root WebApplicationContext: initialization completed in 3388 ms
2024-03-15 22:49:31,039 INFO [main] com.zaxxer.hikari.HikariDataSource: HikariPool-1 - Starting...
2024-03-15 22:49:31,369 INFO [main] com.zaxxer.hikari.pool.HikariPool: HikariPool-1 - Added connection org.postgresql.jdbc.PgConnection@1dd443c1
2024-03-15 22:49:31,371 INFO [main] com.zaxxer.hikari.HikariDataSource: HikariPool-1 - Start completed.
2024-03-15 22:49:31,837 INFO [main] liquibase.logging.core.JavaLogger: Set default schema name to public
2024-03-15 22:49:32,060 INFO [main] liquibase.logging.core.JavaLogger: Reading resource: liquibase/changesets/V1__init.sql
2024-03-15 22:49:32,080 INFO [main] liquibase.logging.core.JavaLogger: Reading resource: liquibase/changesets/V2__insert_data.sql
2024-03-15 22:49:32,245 INFO [main] liquibase.logging.core.JavaLogger: Reading from public.databasechangelog
2024-03-15 22:49:32,292 INFO [main] liquibase.logging.core.JavaLogger: Reading from public.databasechangelog
2024-03-15 22:49:32,332 INFO [main] liquibase.logging.core.JavaLogger: UPDATE SUMMARY
2024-03-15 22:49:32,332 INFO [main] liquibase.logging.core.JavaLogger: Run:                          0
2024-03-15 22:49:32,333 INFO [main] liquibase.logging.core.JavaLogger: Previously run:               2
2024-03-15 22:49:32,333 INFO [main] liquibase.logging.core.JavaLogger: Filtered out:                 0
2024-03-15 22:49:32,333 INFO [main] liquibase.logging.core.JavaLogger: -------------------------------
2024-03-15 22:49:32,333 INFO [main] liquibase.logging.core.JavaLogger: Total change sets:            2
2024-03-15 22:49:32,334 INFO [main] liquibase.logging.core.JavaLogger: Update summary generated
2024-03-15 22:49:32,367 INFO [main] liquibase.logging.core.JavaLogger: Successfully released change log lock
2024-03-15 22:49:32,369 INFO [main] liquibase.logging.core.JavaLogger: Command execution complete
2024-03-15 22:49:32,510 INFO [main] org.hibernate.jpa.internal.util.LogHelper: HHH000204: Processing PersistenceUnitInfo [name: default]
2024-03-15 22:49:32,644 INFO [main] org.hibernate.Version: HHH000412: Hibernate ORM core version 6.4.4.Final
2024-03-15 22:49:32,711 INFO [main] org.hibernate.cache.internal.RegionFactoryInitiator: HHH000026: Second-level cache disabled
2024-03-15 22:49:33,240 INFO [main] org.springframework.orm.jpa.persistenceunit.SpringPersistenceUnitInfo: No LoadTimeWeaver setup: ignoring JPA class transformer
2024-03-15 22:49:34,997 INFO [main] org.hibernate.engine.transaction.jta.platform.internal.JtaPlatformInitiator: HHH000489: No JTA platform available (set 'hibernate.transaction.jta.platform' to enable JTA platform integration)
2024-03-15 22:49:35,146 INFO [main] org.springframework.orm.jpa.AbstractEntityManagerFactoryBean: Initialized JPA EntityManagerFactory for persistence unit 'default'
2024-03-15 22:49:36,255 WARN [main] org.springframework.boot.autoconfigure.orm.jpa.JpaBaseConfiguration$JpaWebConfiguration: spring.jpa.open-in-view is enabled by default. Therefore, database queries may be performed during view rendering. Explicitly configure spring.jpa.open-in-view to disable this warning
2024-03-15 22:49:37,958 WARN [main] org.springframework.boot.autoconfigure.security.servlet.UserDetailsServiceAutoConfiguration: 

Using generated security password: 524c9f91-1e00-4e65-ab04-762b3394a4ed

This generated password is for development use only. Your security configuration must be updated before running your application in production.

2024-03-15 22:49:38,175 INFO [main] org.springframework.security.web.DefaultSecurityFilterChain: Will secure any request with [org.springframework.security.web.session.DisableEncodeUrlFilter@283c6f00, org.springframework.security.web.context.request.async.WebAsyncManagerIntegrationFilter@61b06782, org.springframework.security.web.context.SecurityContextHolderFilter@1ae11dd3, org.springframework.security.web.header.HeaderWriterFilter@63100783, org.springframework.web.filter.CorsFilter@8e89c5f, org.springframework.security.web.csrf.CsrfFilter@574ffd63, org.springframework.security.web.authentication.logout.LogoutFilter@2a882681, org.springframework.security.web.authentication.UsernamePasswordAuthenticationFilter@5e5d26e4, org.springframework.security.web.authentication.ui.DefaultLoginPageGeneratingFilter@55d3c0dd, org.springframework.security.web.authentication.ui.DefaultLogoutPageGeneratingFilter@6434827e, org.springframework.security.web.authentication.www.BasicAuthenticationFilter@54c3b0dd, org.springframework.security.web.savedrequest.RequestCacheAwareFilter@7ce87f9d, org.springframework.security.web.servletapi.SecurityContextHolderAwareRequestFilter@e944541, org.springframework.security.web.authentication.AnonymousAuthenticationFilter@2f3ba597, org.springframework.security.web.access.ExceptionTranslationFilter@69c00140, org.springframework.security.web.access.intercept.AuthorizationFilter@1a288163]
2024-03-15 22:49:38,274 INFO [main] org.apache.juli.logging.DirectJDKLog: Starting ProtocolHandler ["http-nio-8080"]
2024-03-15 22:49:38,303 INFO [main] org.springframework.boot.web.embedded.tomcat.TomcatWebServer: Tomcat started on port 8080 (http) with context path ''
2024-03-15 22:49:38,321 INFO [main] org.springframework.boot.StartupInfoLogger: Started BankServiceApplication in 23.144 seconds (process running for 24.538)
2024-03-15 22:51:32,706 INFO [http-nio-8080-exec-1] org.apache.juli.logging.DirectJDKLog: Initializing Spring DispatcherServlet 'dispatcherServlet'
2024-03-15 22:51:32,706 INFO [http-nio-8080-exec-1] org.springframework.web.servlet.FrameworkServlet: Initializing Servlet 'dispatcherServlet'
2024-03-15 22:51:32,708 INFO [http-nio-8080-exec-1] org.springframework.web.servlet.FrameworkServlet: Completed initialization in 2 ms
2024-03-15 22:51:49,418 INFO [SpringApplicationShutdownHook] org.springframework.orm.jpa.AbstractEntityManagerFactoryBean: Closing JPA EntityManagerFactory for persistence unit 'default'
2024-03-15 22:51:49,421 INFO [SpringApplicationShutdownHook] com.zaxxer.hikari.HikariDataSource: HikariPool-1 - Shutdown initiated...
2024-03-15 22:51:49,425 INFO [SpringApplicationShutdownHook] com.zaxxer.hikari.HikariDataSource: HikariPool-1 - Shutdown completed.
2024-03-15 22:51:56,811 INFO [background-preinit] org.hibernate.validator.internal.util.Version: HV000001: Hibernate Validator 8.0.1.Final
2024-03-15 22:51:56,888 INFO [main] org.springframework.boot.StartupInfoLogger: Starting BankServiceApplication using Java 20.0.1 with PID 15956 (C:\Users\kishk\Desktop\Java\bank-service\target\classes started by kishk in C:\Users\kishk\Desktop\Java\bank-service)
2024-03-15 22:51:56,888 DEBUG [main] org.springframework.boot.StartupInfoLogger: Running with Spring Boot v3.2.3, Spring v6.1.4
2024-03-15 22:51:56,889 INFO [main] org.springframework.boot.SpringApplication: No active profile set, falling back to 1 default profile: "default"
2024-03-15 22:51:56,970 INFO [main] org.springframework.boot.docker.compose.lifecycle.DockerComposeLifecycleManager: Using Docker Compose file 'C:\Users\kishk\Desktop\Java\bank-service\docker-compose.yaml'
2024-03-15 22:52:06,437 INFO [main] org.springframework.boot.docker.compose.lifecycle.DockerComposeLifecycleManager: There are already Docker Compose services running, skipping startup
2024-03-15 22:52:07,725 INFO [main] org.springframework.data.repository.config.RepositoryConfigurationDelegate: Multiple Spring Data modules found, entering strict repository configuration mode
2024-03-15 22:52:07,728 INFO [main] org.springframework.data.repository.config.RepositoryConfigurationDelegate: Bootstrapping Spring Data JPA repositories in DEFAULT mode.
2024-03-15 22:52:07,968 INFO [main] org.springframework.data.repository.config.RepositoryConfigurationDelegate: Finished Spring Data repository scanning in 226 ms. Found 2 JPA repository interfaces.
2024-03-15 22:52:07,993 INFO [main] org.springframework.data.repository.config.RepositoryConfigurationDelegate: Multiple Spring Data modules found, entering strict repository configuration mode
2024-03-15 22:52:07,995 INFO [main] org.springframework.data.repository.config.RepositoryConfigurationDelegate: Bootstrapping Spring Data Redis repositories in DEFAULT mode.
2024-03-15 22:52:08,020 INFO [main] org.springframework.data.repository.config.RepositoryConfigurationExtensionSupport: Spring Data Redis - Could not safely identify store assignment for repository candidate interface ru.kishko.bankservice.account.repositories.AccountRepository; If you want this repository to be a Redis repository, consider annotating your entities with one of these annotations: org.springframework.data.redis.core.RedisHash (preferred), or consider extending one of the following types with your repository: org.springframework.data.keyvalue.repository.KeyValueRepository
2024-03-15 22:52:08,021 INFO [main] org.springframework.data.repository.config.RepositoryConfigurationExtensionSupport: Spring Data Redis - Could not safely identify store assignment for repository candidate interface ru.kishko.bankservice.user.repositories.UserRepository; If you want this repository to be a Redis repository, consider annotating your entities with one of these annotations: org.springframework.data.redis.core.RedisHash (preferred), or consider extending one of the following types with your repository: org.springframework.data.keyvalue.repository.KeyValueRepository
2024-03-15 22:52:08,021 INFO [main] org.springframework.data.repository.config.RepositoryConfigurationDelegate: Finished Spring Data repository scanning in 13 ms. Found 0 Redis repository interfaces.
2024-03-15 22:52:08,921 INFO [main] org.springframework.boot.web.embedded.tomcat.TomcatWebServer: Tomcat initialized with port 8080 (http)
2024-03-15 22:52:08,936 INFO [main] org.apache.juli.logging.DirectJDKLog: Initializing ProtocolHandler ["http-nio-8080"]
2024-03-15 22:52:08,938 INFO [main] org.apache.juli.logging.DirectJDKLog: Starting service [Tomcat]
2024-03-15 22:52:08,939 INFO [main] org.apache.juli.logging.DirectJDKLog: Starting Servlet engine: [Apache Tomcat/10.1.19]
2024-03-15 22:52:09,069 INFO [main] org.apache.juli.logging.DirectJDKLog: Initializing Spring embedded WebApplicationContext
2024-03-15 22:52:09,070 INFO [main] org.springframework.boot.web.servlet.context.ServletWebServerApplicationContext: Root WebApplicationContext: initialization completed in 2411 ms
2024-03-15 22:52:09,591 INFO [main] com.zaxxer.hikari.HikariDataSource: HikariPool-1 - Starting...
2024-03-15 22:52:09,823 INFO [main] com.zaxxer.hikari.pool.HikariPool: HikariPool-1 - Added connection org.postgresql.jdbc.PgConnection@615ef20
2024-03-15 22:52:09,826 INFO [main] com.zaxxer.hikari.HikariDataSource: HikariPool-1 - Start completed.
2024-03-15 22:52:10,037 INFO [main] liquibase.logging.core.JavaLogger: Set default schema name to public
2024-03-15 22:52:10,209 INFO [main] liquibase.logging.core.JavaLogger: Reading resource: liquibase/changesets/V1__init.sql
2024-03-15 22:52:10,223 INFO [main] liquibase.logging.core.JavaLogger: Reading resource: liquibase/changesets/V2__insert_data.sql
2024-03-15 22:52:10,326 INFO [main] liquibase.logging.core.JavaLogger: Reading from public.databasechangelog
2024-03-15 22:52:10,364 INFO [main] liquibase.logging.core.JavaLogger: Reading from public.databasechangelog
2024-03-15 22:52:10,396 INFO [main] liquibase.logging.core.JavaLogger: UPDATE SUMMARY
2024-03-15 22:52:10,396 INFO [main] liquibase.logging.core.JavaLogger: Run:                          0
2024-03-15 22:52:10,396 INFO [main] liquibase.logging.core.JavaLogger: Previously run:               2
2024-03-15 22:52:10,396 INFO [main] liquibase.logging.core.JavaLogger: Filtered out:                 0
2024-03-15 22:52:10,397 INFO [main] liquibase.logging.core.JavaLogger: -------------------------------
2024-03-15 22:52:10,397 INFO [main] liquibase.logging.core.JavaLogger: Total change sets:            2
2024-03-15 22:52:10,397 INFO [main] liquibase.logging.core.JavaLogger: Update summary generated
2024-03-15 22:52:10,424 INFO [main] liquibase.logging.core.JavaLogger: Successfully released change log lock
2024-03-15 22:52:10,426 INFO [main] liquibase.logging.core.JavaLogger: Command execution complete
2024-03-15 22:52:10,541 INFO [main] org.hibernate.jpa.internal.util.LogHelper: HHH000204: Processing PersistenceUnitInfo [name: default]
2024-03-15 22:52:10,635 INFO [main] org.hibernate.Version: HHH000412: Hibernate ORM core version 6.4.4.Final
2024-03-15 22:52:10,689 INFO [main] org.hibernate.cache.internal.RegionFactoryInitiator: HHH000026: Second-level cache disabled
2024-03-15 22:52:11,052 INFO [main] org.springframework.orm.jpa.persistenceunit.SpringPersistenceUnitInfo: No LoadTimeWeaver setup: ignoring JPA class transformer
2024-03-15 22:52:12,540 INFO [main] org.hibernate.engine.transaction.jta.platform.internal.JtaPlatformInitiator: HHH000489: No JTA platform available (set 'hibernate.transaction.jta.platform' to enable JTA platform integration)
2024-03-15 22:52:12,642 INFO [main] org.springframework.orm.jpa.AbstractEntityManagerFactoryBean: Initialized JPA EntityManagerFactory for persistence unit 'default'
2024-03-15 22:52:13,563 WARN [main] org.springframework.boot.autoconfigure.orm.jpa.JpaBaseConfiguration$JpaWebConfiguration: spring.jpa.open-in-view is enabled by default. Therefore, database queries may be performed during view rendering. Explicitly configure spring.jpa.open-in-view to disable this warning
2024-03-15 22:52:15,145 INFO [main] org.apache.juli.logging.DirectJDKLog: Starting ProtocolHandler ["http-nio-8080"]
2024-03-15 22:52:15,173 INFO [main] org.springframework.boot.web.embedded.tomcat.TomcatWebServer: Tomcat started on port 8080 (http) with context path ''
2024-03-15 22:52:15,190 INFO [main] org.springframework.boot.StartupInfoLogger: Started BankServiceApplication in 18.923 seconds (process running for 20.314)
2024-03-15 22:52:21,615 INFO [http-nio-8080-exec-1] org.apache.juli.logging.DirectJDKLog: Initializing Spring DispatcherServlet 'dispatcherServlet'
2024-03-15 22:52:21,615 INFO [http-nio-8080-exec-1] org.springframework.web.servlet.FrameworkServlet: Initializing Servlet 'dispatcherServlet'
2024-03-15 22:52:21,617 INFO [http-nio-8080-exec-1] org.springframework.web.servlet.FrameworkServlet: Completed initialization in 2 ms
2024-03-15 22:52:26,681 INFO [http-nio-8080-exec-1] org.springdoc.api.AbstractOpenApiResource: Init duration for springdoc-openapi is: 470 ms
2024-03-15 22:55:24,745 INFO [SpringApplicationShutdownHook] org.springframework.orm.jpa.AbstractEntityManagerFactoryBean: Closing JPA EntityManagerFactory for persistence unit 'default'
2024-03-15 22:55:24,748 INFO [SpringApplicationShutdownHook] com.zaxxer.hikari.HikariDataSource: HikariPool-1 - Shutdown initiated...
2024-03-15 22:55:24,752 INFO [SpringApplicationShutdownHook] com.zaxxer.hikari.HikariDataSource: HikariPool-1 - Shutdown completed.
2024-03-15 22:55:39,184 INFO [background-preinit] org.hibernate.validator.internal.util.Version: HV000001: Hibernate Validator 8.0.1.Final
2024-03-15 22:55:39,259 INFO [main] org.springframework.boot.StartupInfoLogger: Starting BankServiceApplication using Java 20.0.1 with PID 17584 (C:\Users\kishk\Desktop\Java\bank-service\target\classes started by kishk in C:\Users\kishk\Desktop\Java\bank-service)
2024-03-15 22:55:39,260 DEBUG [main] org.springframework.boot.StartupInfoLogger: Running with Spring Boot v3.2.3, Spring v6.1.4
2024-03-15 22:55:39,261 INFO [main] org.springframework.boot.SpringApplication: No active profile set, falling back to 1 default profile: "default"
2024-03-15 22:55:39,362 INFO [main] org.springframework.boot.docker.compose.lifecycle.DockerComposeLifecycleManager: Using Docker Compose file 'C:\Users\kishk\Desktop\Java\bank-service\docker-compose.yaml'
2024-03-15 22:55:51,488 INFO [main] org.springframework.boot.docker.compose.lifecycle.DockerComposeLifecycleManager: There are already Docker Compose services running, skipping startup
2024-03-15 22:55:52,827 INFO [main] org.springframework.data.repository.config.RepositoryConfigurationDelegate: Multiple Spring Data modules found, entering strict repository configuration mode
2024-03-15 22:55:52,830 INFO [main] org.springframework.data.repository.config.RepositoryConfigurationDelegate: Bootstrapping Spring Data JPA repositories in DEFAULT mode.
2024-03-15 22:55:53,061 INFO [main] org.springframework.data.repository.config.RepositoryConfigurationDelegate: Finished Spring Data repository scanning in 220 ms. Found 2 JPA repository interfaces.
2024-03-15 22:55:53,084 INFO [main] org.springframework.data.repository.config.RepositoryConfigurationDelegate: Multiple Spring Data modules found, entering strict repository configuration mode
2024-03-15 22:55:53,086 INFO [main] org.springframework.data.repository.config.RepositoryConfigurationDelegate: Bootstrapping Spring Data Redis repositories in DEFAULT mode.
2024-03-15 22:55:53,110 INFO [main] org.springframework.data.repository.config.RepositoryConfigurationExtensionSupport: Spring Data Redis - Could not safely identify store assignment for repository candidate interface ru.kishko.bankservice.account.repositories.AccountRepository; If you want this repository to be a Redis repository, consider annotating your entities with one of these annotations: org.springframework.data.redis.core.RedisHash (preferred), or consider extending one of the following types with your repository: org.springframework.data.keyvalue.repository.KeyValueRepository
2024-03-15 22:55:53,110 INFO [main] org.springframework.data.repository.config.RepositoryConfigurationExtensionSupport: Spring Data Redis - Could not safely identify store assignment for repository candidate interface ru.kishko.bankservice.user.repositories.UserRepository; If you want this repository to be a Redis repository, consider annotating your entities with one of these annotations: org.springframework.data.redis.core.RedisHash (preferred), or consider extending one of the following types with your repository: org.springframework.data.keyvalue.repository.KeyValueRepository
2024-03-15 22:55:55,076 INFO [main] org.springframework.data.repository.config.RepositoryConfigurationDelegate: Finished Spring Data repository scanning in 1978 ms. Found 0 Redis repository interfaces.
2024-03-15 22:55:55,906 INFO [main] org.springframework.boot.web.embedded.tomcat.TomcatWebServer: Tomcat initialized with port 8080 (http)
2024-03-15 22:55:55,920 INFO [main] org.apache.juli.logging.DirectJDKLog: Initializing ProtocolHandler ["http-nio-8080"]
2024-03-15 22:55:55,923 INFO [main] org.apache.juli.logging.DirectJDKLog: Starting service [Tomcat]
2024-03-15 22:55:55,923 INFO [main] org.apache.juli.logging.DirectJDKLog: Starting Servlet engine: [Apache Tomcat/10.1.19]
2024-03-15 22:55:56,119 INFO [main] org.apache.juli.logging.DirectJDKLog: Initializing Spring embedded WebApplicationContext
2024-03-15 22:55:56,120 INFO [main] org.springframework.boot.web.servlet.context.ServletWebServerApplicationContext: Root WebApplicationContext: initialization completed in 4410 ms
2024-03-15 22:55:56,648 INFO [main] com.zaxxer.hikari.HikariDataSource: HikariPool-1 - Starting...
2024-03-15 22:55:57,573 INFO [main] com.zaxxer.hikari.pool.HikariPool: HikariPool-1 - Added connection org.postgresql.jdbc.PgConnection@664f49f
2024-03-15 22:55:57,575 INFO [main] com.zaxxer.hikari.HikariDataSource: HikariPool-1 - Start completed.
2024-03-15 22:55:57,786 INFO [main] liquibase.logging.core.JavaLogger: Set default schema name to public
2024-03-15 22:55:57,955 INFO [main] liquibase.logging.core.JavaLogger: Reading resource: liquibase/changesets/V1__init.sql
2024-03-15 22:55:57,967 INFO [main] liquibase.logging.core.JavaLogger: Reading resource: liquibase/changesets/V2__insert_data.sql
2024-03-15 22:55:58,071 INFO [main] liquibase.logging.core.JavaLogger: Reading from public.databasechangelog
2024-03-15 22:55:58,112 INFO [main] liquibase.logging.core.JavaLogger: Reading from public.databasechangelog
2024-03-15 22:55:58,146 INFO [main] liquibase.logging.core.JavaLogger: UPDATE SUMMARY
2024-03-15 22:55:58,146 INFO [main] liquibase.logging.core.JavaLogger: Run:                          0
2024-03-15 22:55:58,147 INFO [main] liquibase.logging.core.JavaLogger: Previously run:               2
2024-03-15 22:55:58,147 INFO [main] liquibase.logging.core.JavaLogger: Filtered out:                 0
2024-03-15 22:55:58,147 INFO [main] liquibase.logging.core.JavaLogger: -------------------------------
2024-03-15 22:55:58,147 INFO [main] liquibase.logging.core.JavaLogger: Total change sets:            2
2024-03-15 22:55:58,148 INFO [main] liquibase.logging.core.JavaLogger: Update summary generated
2024-03-15 22:55:58,881 INFO [main] liquibase.logging.core.JavaLogger: Successfully released change log lock
2024-03-15 22:55:58,883 INFO [main] liquibase.logging.core.JavaLogger: Command execution complete
2024-03-15 22:55:58,991 INFO [main] org.hibernate.jpa.internal.util.LogHelper: HHH000204: Processing PersistenceUnitInfo [name: default]
2024-03-15 22:55:59,080 INFO [main] org.hibernate.Version: HHH000412: Hibernate ORM core version 6.4.4.Final
2024-03-15 22:55:59,138 INFO [main] org.hibernate.cache.internal.RegionFactoryInitiator: HHH000026: Second-level cache disabled
2024-03-15 22:55:59,495 INFO [main] org.springframework.orm.jpa.persistenceunit.SpringPersistenceUnitInfo: No LoadTimeWeaver setup: ignoring JPA class transformer
2024-03-15 22:56:00,965 INFO [main] org.hibernate.engine.transaction.jta.platform.internal.JtaPlatformInitiator: HHH000489: No JTA platform available (set 'hibernate.transaction.jta.platform' to enable JTA platform integration)
2024-03-15 22:56:01,064 INFO [main] org.springframework.orm.jpa.AbstractEntityManagerFactoryBean: Initialized JPA EntityManagerFactory for persistence unit 'default'
2024-03-15 22:56:02,353 WARN [main] org.springframework.boot.autoconfigure.orm.jpa.JpaBaseConfiguration$JpaWebConfiguration: spring.jpa.open-in-view is enabled by default. Therefore, database queries may be performed during view rendering. Explicitly configure spring.jpa.open-in-view to disable this warning
2024-03-15 22:56:05,733 INFO [main] org.apache.juli.logging.DirectJDKLog: Starting ProtocolHandler ["http-nio-8080"]
2024-03-15 22:56:05,762 INFO [main] org.springframework.boot.web.embedded.tomcat.TomcatWebServer: Tomcat started on port 8080 (http) with context path ''
2024-03-15 22:56:05,780 INFO [main] org.springframework.boot.StartupInfoLogger: Started BankServiceApplication in 27.141 seconds (process running for 28.631)
2024-03-15 22:56:16,835 INFO [http-nio-8080-exec-1] org.apache.juli.logging.DirectJDKLog: Initializing Spring DispatcherServlet 'dispatcherServlet'
2024-03-15 22:56:16,835 INFO [http-nio-8080-exec-1] org.springframework.web.servlet.FrameworkServlet: Initializing Servlet 'dispatcherServlet'
2024-03-15 22:56:16,837 INFO [http-nio-8080-exec-1] org.springframework.web.servlet.FrameworkServlet: Completed initialization in 2 ms
2024-03-15 22:56:17,897 INFO [http-nio-8080-exec-4] org.springdoc.api.AbstractOpenApiResource: Init duration for springdoc-openapi is: 445 ms
2024-03-15 22:56:40,900 INFO [SpringApplicationShutdownHook] org.springframework.orm.jpa.AbstractEntityManagerFactoryBean: Closing JPA EntityManagerFactory for persistence unit 'default'
2024-03-15 22:56:40,903 INFO [SpringApplicationShutdownHook] com.zaxxer.hikari.HikariDataSource: HikariPool-1 - Shutdown initiated...
2024-03-15 22:56:40,907 INFO [SpringApplicationShutdownHook] com.zaxxer.hikari.HikariDataSource: HikariPool-1 - Shutdown completed.
